time="20-01-2021 19:58:58" level=info msg="ApiSheetName + ApiTestName  \t-->      registrationapiversion"
time="20-01-2021 19:58:59" level=info msg="\n---------------------------Request URL-----------------------------"
time="20-01-2021 19:58:59" level=info msg="Request URL         -->      https://uae.uat.wuamerigo.com/api/version"
time="20-01-2021 19:58:59" level=info msg="\n---------------------------Request Body-----------------------------"
time="20-01-2021 19:58:59" level=info msg="Request Body         -->      "
time="20-01-2021 19:58:59" level=info msg="\n---------------------------Response Body-----------------------------"
time="20-01-2021 19:58:59" level=info msg="Response Body       -->     1.158.0"
time="20-01-2021 19:58:59" level=info msg=------------------------------------------------------------------
time="20-01-2021 19:58:59" level=info msg="\n---------------------------Request2 URL-----------------------------"
time="20-01-2021 19:58:59" level=info msg="Request URL         -->      https://uae.uat.wuamerigo.com/api/config/setkey"
time="20-01-2021 19:58:59" level=info msg="\n---------------------------Request Body-----------------------------"
time="20-01-2021 19:58:59" level=info msg="Request Body         -->      {\"key\":\"siftscience_score_approv\",\"val\":1.97}"
time="20-01-2021 19:58:59" level=info msg="\n---------------------------Response Body-----------------------------"
time="20-01-2021 19:58:59" level=info msg="Response Body       -->     {\"val\":1.97,\"status\":\"ok\",\"new_val\":1.97}"
time="20-01-2021 19:58:59" level=info msg="\n---------------------------Request2 URL-----------------------------"
time="20-01-2021 19:58:59" level=info msg="Request URL         -->      https://uae.uat.wuamerigo.com/api/config/setkey"
time="20-01-2021 19:58:59" level=info msg="\n---------------------------Request Body-----------------------------"
time="20-01-2021 19:58:59" level=info msg="Request Body         -->      {\"key\":\"siftscience_score_reject\",\"val\":1.99}"
time="20-01-2021 19:58:59" level=info msg="\n---------------------------Response Body-----------------------------"
time="20-01-2021 19:58:59" level=info msg="Response Body       -->     {\"val\":1.99,\"status\":\"ok\",\"new_val\":1.99}"
time="20-01-2021 19:58:59" level=info msg="\n---------------------------Request2 URL-----------------------------"
time="20-01-2021 19:58:59" level=info msg="Request URL         -->      https://uae.uat.wuamerigo.com/api/config/deluser"
time="20-01-2021 19:58:59" level=info msg="\n---------------------------Request Body-----------------------------"
time="20-01-2021 19:58:59" level=info msg="Request Body         -->      {\"key\":\"email\", \"val\":\"alex.mywu.qa@gmail.com\"}"
time="20-01-2021 19:58:59" level=info msg="\n---------------------------Response Body-----------------------------"
time="20-01-2021 19:58:59" level=info msg="Response Body       -->     {\"status\":\"ok\"}"
time="20-01-2021 19:58:59" level=info msg="\n---------------------------Request2 URL-----------------------------"
time="20-01-2021 19:58:59" level=info msg="Request URL         -->      https://uae.uat.wuamerigo.com/api/config/deluser"
time="20-01-2021 19:58:59" level=info msg="\n---------------------------Request Body-----------------------------"
time="20-01-2021 19:58:59" level=info msg="Request Body         -->      {\"key\":\"phone\", \"val\":\"mob-380-711111111\"}"
time="20-01-2021 19:58:59" level=info msg="\n---------------------------Response Body-----------------------------"
time="20-01-2021 19:58:59" level=info msg="Response Body       -->     {\"status\":\"not_found\"}"
time="20-01-2021 19:58:59" level=info msg="\n---------------------------Request2 URL-----------------------------"
time="20-01-2021 19:58:59" level=info msg="Request URL         -->      https://uae.uat.wuamerigo.com/api/config/deluser"
time="20-01-2021 19:58:59" level=info msg="\n---------------------------Request Body-----------------------------"
time="20-01-2021 19:58:59" level=info msg="Request Body         -->      {\"key\":\"phone\", \"val\":\"mob-380-711111111\"}"
time="20-01-2021 19:58:59" level=info msg="\n---------------------------Response Body-----------------------------"
time="20-01-2021 19:58:59" level=info msg="Response Body       -->     {\"status\":\"not_found\"}"
time="20-01-2021 19:58:59" level=info msg="\n---------------------------Request2 URL-----------------------------"
time="20-01-2021 19:58:59" level=info msg="Request URL         -->      https://uae.uat.wuamerigo.com/api/config/deluser"
time="20-01-2021 19:58:59" level=info msg="\n---------------------------Request Body-----------------------------"
time="20-01-2021 19:58:59" level=info msg="Request Body         -->      {\"key\":\"id_number\", \"val\":\"275654345651113\"}"
time="20-01-2021 19:58:59" level=info msg="\n---------------------------Response Body-----------------------------"
time="20-01-2021 19:58:59" level=info msg="Response Body       -->     {\"status\":\"not_found\"}"
time="20-01-2021 19:59:02" level=info msg="\n---------------------------Request2 URL-----------------------------"
time="20-01-2021 19:59:02" level=info msg="Request URL         -->      https://uae.uat.wuamerigo.com/api/config/deluser"
time="20-01-2021 19:59:02" level=info msg="\n---------------------------Request Body-----------------------------"
time="20-01-2021 19:59:02" level=info msg="Request Body         -->      {\"key\":\"email\", \"val\":\"alex.mywu.qa@gmail.com\"}"
time="20-01-2021 19:59:02" level=info msg="\n---------------------------Response Body-----------------------------"
time="20-01-2021 19:59:02" level=info msg="Response Body       -->     {\"status\":\"not_found\"}"
time="20-01-2021 19:59:02" level=info msg="\n---------------------------Request2 URL-----------------------------"
time="20-01-2021 19:59:02" level=info msg="Request URL         -->      https://uae.uat.wuamerigo.com/api/config/deluser"
time="20-01-2021 19:59:02" level=info msg="\n---------------------------Request Body-----------------------------"
time="20-01-2021 19:59:02" level=info msg="Request Body         -->      {\"key\":\"phone\", \"val\":\"mob-380-711111111\"}"
time="20-01-2021 19:59:02" level=info msg="\n---------------------------Response Body-----------------------------"
time="20-01-2021 19:59:02" level=info msg="Response Body       -->     {\"status\":\"not_found\"}"
time="20-01-2021 19:59:02" level=info msg="\n---------------------------Request2 URL-----------------------------"
time="20-01-2021 19:59:02" level=info msg="Request URL         -->      https://uae.uat.wuamerigo.com/api/config/deluser"
time="20-01-2021 19:59:02" level=info msg="\n---------------------------Request Body-----------------------------"
time="20-01-2021 19:59:02" level=info msg="Request Body         -->      {\"key\":\"phone\", \"val\":\"mob-380-711111111\"}"
time="20-01-2021 19:59:02" level=info msg="\n---------------------------Response Body-----------------------------"
time="20-01-2021 19:59:02" level=info msg="Response Body       -->     {\"status\":\"not_found\"}"
time="20-01-2021 19:59:03" level=info msg="\n---------------------------Request2 URL-----------------------------"
time="20-01-2021 19:59:03" level=info msg="Request URL         -->      https://uae.uat.wuamerigo.com/api/config/deluser"
time="20-01-2021 19:59:03" level=info msg="\n---------------------------Request Body-----------------------------"
time="20-01-2021 19:59:03" level=info msg="Request Body         -->      {\"key\":\"id_number\", \"val\":\"275654345651113\"}"
time="20-01-2021 19:59:03" level=info msg="\n---------------------------Response Body-----------------------------"
time="20-01-2021 19:59:03" level=info msg="Response Body       -->     {\"status\":\"not_found\"}"
time="20-01-2021 19:59:03" level=info msg="\n---------------------------Request2 URL-----------------------------"
time="20-01-2021 19:59:03" level=info msg="Request URL         -->      https://uae.uat.wuamerigo.com/api/config/deluser"
time="20-01-2021 19:59:03" level=info msg="\n---------------------------Request Body-----------------------------"
time="20-01-2021 19:59:03" level=info msg="Request Body         -->      {\"key\":\"email\", \"val\":\"alex.mywu.qa@gmail.com\"}"
time="20-01-2021 19:59:03" level=info msg="\n---------------------------Response Body-----------------------------"
time="20-01-2021 19:59:03" level=info msg="Response Body       -->     {\"status\":\"not_found\"}"
time="20-01-2021 19:59:03" level=info msg="\n---------------------------Request2 URL-----------------------------"
time="20-01-2021 19:59:03" level=info msg="Request URL         -->      https://uae.uat.wuamerigo.com/api/config/deluser"
time="20-01-2021 19:59:03" level=info msg="\n---------------------------Request Body-----------------------------"
time="20-01-2021 19:59:03" level=info msg="Request Body         -->      {\"key\":\"phone\", \"val\":\"mob-380-711111111\"}"
time="20-01-2021 19:59:03" level=info msg="\n---------------------------Response Body-----------------------------"
time="20-01-2021 19:59:03" level=info msg="Response Body       -->     {\"status\":\"not_found\"}"
time="20-01-2021 19:59:03" level=info msg="\n---------------------------Request2 URL-----------------------------"
time="20-01-2021 19:59:03" level=info msg="Request URL         -->      https://uae.uat.wuamerigo.com/api/config/deluser"
time="20-01-2021 19:59:03" level=info msg="\n---------------------------Request Body-----------------------------"
time="20-01-2021 19:59:03" level=info msg="Request Body         -->      {\"key\":\"phone\", \"val\":\"mob-380-711111111\"}"
time="20-01-2021 19:59:03" level=info msg="\n---------------------------Response Body-----------------------------"
time="20-01-2021 19:59:03" level=info msg="Response Body       -->     {\"status\":\"not_found\"}"
time="20-01-2021 19:59:03" level=info msg="\n---------------------------Request2 URL-----------------------------"
time="20-01-2021 19:59:03" level=info msg="Request URL         -->      https://uae.uat.wuamerigo.com/api/config/deluser"
time="20-01-2021 19:59:03" level=info msg="\n---------------------------Request Body-----------------------------"
time="20-01-2021 19:59:03" level=info msg="Request Body         -->      {\"key\":\"id_number\", \"val\":\"275654345651113\"}"
time="20-01-2021 19:59:03" level=info msg="\n---------------------------Response Body-----------------------------"
time="20-01-2021 19:59:03" level=info msg="Response Body       -->     {\"status\":\"not_found\"}"
time="20-01-2021 19:59:03" level=info msg="\n---------------------------Request2 URL-----------------------------"
time="20-01-2021 19:59:03" level=info msg="Request URL         -->      https://uae.uat.wuamerigo.com/api/config/deluser"
time="20-01-2021 19:59:03" level=info msg="\n---------------------------Request Body-----------------------------"
time="20-01-2021 19:59:03" level=info msg="Request Body         -->      {\"key\":\"email\", \"val\":\"alex.mywu.qa@gmail.com\"}"
time="20-01-2021 19:59:03" level=info msg="\n---------------------------Response Body-----------------------------"
time="20-01-2021 19:59:03" level=info msg="Response Body       -->     {\"status\":\"not_found\"}"
time="20-01-2021 19:59:03" level=info msg="\n---------------------------Request2 URL-----------------------------"
time="20-01-2021 19:59:03" level=info msg="Request URL         -->      https://uae.uat.wuamerigo.com/api/config/deluser"
time="20-01-2021 19:59:03" level=info msg="\n---------------------------Request Body-----------------------------"
time="20-01-2021 19:59:03" level=info msg="Request Body         -->      {\"key\":\"phone\", \"val\":\"mob-380-711111111\"}"
time="20-01-2021 19:59:03" level=info msg="\n---------------------------Response Body-----------------------------"
time="20-01-2021 19:59:03" level=info msg="Response Body       -->     {\"status\":\"not_found\"}"
time="20-01-2021 19:59:03" level=info msg="\n---------------------------Request2 URL-----------------------------"
time="20-01-2021 19:59:03" level=info msg="Request URL         -->      https://uae.uat.wuamerigo.com/api/config/deluser"
time="20-01-2021 19:59:03" level=info msg="\n---------------------------Request Body-----------------------------"
time="20-01-2021 19:59:03" level=info msg="Request Body         -->      {\"key\":\"phone\", \"val\":\"mob-380-711111111\"}"
time="20-01-2021 19:59:03" level=info msg="\n---------------------------Response Body-----------------------------"
time="20-01-2021 19:59:03" level=info msg="Response Body       -->     {\"status\":\"not_found\"}"
time="20-01-2021 19:59:03" level=info msg="\n---------------------------Request2 URL-----------------------------"
time="20-01-2021 19:59:03" level=info msg="Request URL         -->      https://uae.uat.wuamerigo.com/api/config/deluser"
time="20-01-2021 19:59:03" level=info msg="\n---------------------------Request Body-----------------------------"
time="20-01-2021 19:59:03" level=info msg="Request Body         -->      {\"key\":\"id_number\", \"val\":\"275654345651113\"}"
time="20-01-2021 19:59:03" level=info msg="\n---------------------------Response Body-----------------------------"
time="20-01-2021 19:59:03" level=info msg="Response Body       -->     {\"status\":\"not_found\"}"
time="20-01-2021 19:59:58" level=info msg="\n---------------------------Request2 URL-----------------------------"
time="20-01-2021 19:59:58" level=info msg="Request URL         -->      https://uae.uat.wuamerigo.com/api/db/update"
time="20-01-2021 19:59:58" level=info msg="\n---------------------------Request Body-----------------------------"
time="20-01-2021 19:59:58" level=info msg="Request Body         -->      {\"object_id\" : \"profile\",\"name_key\" : \"email\",\"name_value\": \"alex.mywu.qa@gmail.com\",\"key\":\"email_verified\",\"val\": \"true\"}\n"
time="20-01-2021 19:59:58" level=info msg="\n---------------------------Response Body-----------------------------"
time="20-01-2021 19:59:58" level=info msg="Response Body       -->     {\"status\":\"error\",\"message\":\"not_found\"}"
time="20-01-2021 19:59:58" level=info msg="\n---------------------------Request2 URL-----------------------------"
time="20-01-2021 19:59:58" level=info msg="Request URL         -->      https://uae.uat.wuamerigo.com/api/db/update"
time="20-01-2021 19:59:58" level=info msg="\n---------------------------Request Body-----------------------------"
time="20-01-2021 19:59:58" level=info msg="Request Body         -->      {\"object_id\" : \"profile\",\"name_key\" : \"email\",\"name_value\": \"alex.mywu.qa@gmail.com\",\"key\":\"verified_channel\",\"val\": \"F2F KYC\"}"
time="20-01-2021 19:59:58" level=info msg="\n---------------------------Response Body-----------------------------"
time="20-01-2021 19:59:58" level=info msg="Response Body       -->     {\"status\":\"error\",\"message\":\"not_found\"}"
time="20-01-2021 19:59:58" level=info msg="\n---------------------------Request2 URL-----------------------------"
time="20-01-2021 19:59:58" level=info msg="Request URL         -->      https://uae.uat.wuamerigo.com/api/db/update"
time="20-01-2021 19:59:58" level=info msg="\n---------------------------Request Body-----------------------------"
time="20-01-2021 19:59:58" level=info msg="Request Body         -->      {\"object_id\" : \"profile\",\"name_key\" : \"email\",\"name_value\": \"alex.mywu.qa@gmail.com\",\"key\":\"account_verified\",\"val\": \"true\"}"
time="20-01-2021 19:59:58" level=info msg="\n---------------------------Response Body-----------------------------"
time="20-01-2021 19:59:58" level=info msg="Response Body       -->     {\"status\":\"error\",\"message\":\"not_found\"}"
time="20-01-2021 19:59:58" level=info msg="\n---------------------------Request2 URL-----------------------------"
time="20-01-2021 19:59:58" level=info msg="Request URL         -->      https://uae.uat.wuamerigo.com/api/db/update"
time="20-01-2021 19:59:58" level=info msg="\n---------------------------Request Body-----------------------------"
time="20-01-2021 19:59:58" level=info msg="Request Body         -->      {\"object_id\" : \"profile\",\"name_key\" : \"email\",\"name_value\": \"alex.mywu.qa@gmail.com\",\"key\":\"email_verified\",\"val\": \"true\"}\n"
time="20-01-2021 19:59:58" level=info msg="\n---------------------------Response Body-----------------------------"
time="20-01-2021 19:59:58" level=info msg="Response Body       -->     {\"status\":\"error\",\"message\":\"not_found\"}"
time="20-01-2021 19:59:58" level=info msg="\n---------------------------Request2 URL-----------------------------"
time="20-01-2021 19:59:58" level=info msg="Request URL         -->      https://uae.uat.wuamerigo.com/api/db/update"
time="20-01-2021 19:59:58" level=info msg="\n---------------------------Request Body-----------------------------"
time="20-01-2021 19:59:58" level=info msg="Request Body         -->      {\"object_id\" : \"profile\",\"name_key\" : \"email\",\"name_value\": \"alex.mywu.qa@gmail.com\",\"key\":\"verified_channel\",\"val\": \"F2F KYC\"}"
time="20-01-2021 19:59:58" level=info msg="\n---------------------------Response Body-----------------------------"
time="20-01-2021 19:59:58" level=info msg="Response Body       -->     {\"status\":\"error\",\"message\":\"not_found\"}"
time="20-01-2021 19:59:58" level=info msg="\n---------------------------Request2 URL-----------------------------"
time="20-01-2021 19:59:58" level=info msg="Request URL         -->      https://uae.uat.wuamerigo.com/api/db/update"
time="20-01-2021 19:59:58" level=info msg="\n---------------------------Request Body-----------------------------"
time="20-01-2021 19:59:58" level=info msg="Request Body         -->      {\"object_id\" : \"profile\",\"name_key\" : \"email\",\"name_value\": \"alex.mywu.qa@gmail.com\",\"key\":\"account_verified\",\"val\": \"true\"}"
time="20-01-2021 19:59:58" level=info msg="\n---------------------------Response Body-----------------------------"
time="20-01-2021 19:59:58" level=info msg="Response Body       -->     {\"status\":\"error\",\"message\":\"not_found\"}"
time="20-01-2021 20:00:24" level=info msg="\n---------------------------Request2 URL-----------------------------"
time="20-01-2021 20:00:24" level=info msg="Request URL         -->      https://uae.uat.wuamerigo.com/api/db/update"
time="20-01-2021 20:00:24" level=info msg="\n---------------------------Request Body-----------------------------"
time="20-01-2021 20:00:24" level=info msg="Request Body         -->      {\"object_id\" : \"profile\",\"name_key\" : \"email\",\"name_value\": \"alex.mywu.qa@gmail.com\",\"key\":\"email_verified\",\"val\": \"true\"}\n"
time="20-01-2021 20:00:24" level=info msg="\n---------------------------Response Body-----------------------------"
time="20-01-2021 20:00:24" level=info msg="Response Body       -->     {\"val\":false,\"status\":\"ok\",\"new_val\":\"true\"}"
time="20-01-2021 20:00:24" level=info msg="\n---------------------------Request2 URL-----------------------------"
time="20-01-2021 20:00:24" level=info msg="Request URL         -->      https://uae.uat.wuamerigo.com/api/db/update"
time="20-01-2021 20:00:24" level=info msg="\n---------------------------Request Body-----------------------------"
time="20-01-2021 20:00:24" level=info msg="Request Body         -->      {\"object_id\" : \"profile\",\"name_key\" : \"email\",\"name_value\": \"alex.mywu.qa@gmail.com\",\"key\":\"verified_channel\",\"val\": \"F2F KYC\"}"
time="20-01-2021 20:00:24" level=info msg="\n---------------------------Response Body-----------------------------"
time="20-01-2021 20:00:24" level=info msg="Response Body       -->     {\"val\":null,\"status\":\"ok\",\"new_val\":\"F2F KYC\"}"
time="20-01-2021 20:00:24" level=info msg="\n---------------------------Request2 URL-----------------------------"
time="20-01-2021 20:00:24" level=info msg="Request URL         -->      https://uae.uat.wuamerigo.com/api/db/update"
time="20-01-2021 20:00:24" level=info msg="\n---------------------------Request Body-----------------------------"
time="20-01-2021 20:00:24" level=info msg="Request Body         -->      {\"object_id\" : \"profile\",\"name_key\" : \"email\",\"name_value\": \"alex.mywu.qa@gmail.com\",\"key\":\"account_verified\",\"val\": \"true\"}"
time="20-01-2021 20:00:24" level=info msg="\n---------------------------Response Body-----------------------------"
time="20-01-2021 20:00:24" level=info msg="Response Body       -->     {\"val\":false,\"status\":\"ok\",\"new_val\":\"true\"}"
time="20-01-2021 20:00:31" level=info msg="ApiSheetName + ApiTestName  \t-->      login_not_verifiedotp"
time="20-01-2021 20:00:32" level=info msg="\n---------------------------Request URL-----------------------------"
time="20-01-2021 20:00:32" level=info msg="Request URL         -->      https://cz-web.frankfurt.wuamerigo.com/api/1/json/public/50/65be795c1deed002d45b9422c924ad8b3d2fe04f"
time="20-01-2021 20:00:32" level=info msg="\n---------------------------Request Body-----------------------------"
time="20-01-2021 20:00:32" level=info msg="Request Body         -->      {\"ops\":[{\"limit\":10,\"offset\":0,\"type\":\"list\",\"obj\":\"node\",\"conv_id\":\"50\",\"obj_id\":\"5f048df609a8af26c1e4f34c\"}]}"
time="20-01-2021 20:00:32" level=info msg="\n---------------------------Response Body-----------------------------"
time="20-01-2021 20:00:32" level=info msg="Response Body       -->     {\"request_proc\":\"ok\",\"ops\":[{\"id\":\"\",\"obj\":\"node\",\"obj_id\":\"5f048df609a8af26c1e4f34c\",\"count\":7308,\"proc\":\"ok\",\"list\":[{\"obj\":\"task\",\"obj_id\":\"60086fbc09a8af5317c6c0c2\",\"ref\":null,\"status\":\"processed\",\"user_id\":4,\"create_time\":1611165628,\"change_time\":1611165628,\"node_prev_id\":\"5fa12e9d09a8af5317434df1\",\"data\":{\"answerParam\":\"ok\",\"phone\":\"380711111111\",\"routerobot\":{\"state\":\"ok\",\"packetId\":\"53551\",\"created\":1611165628086},\"sys\":{\"ref\":\"c11437_n600599da96fc174baa01a7f7_t60086fbbb8ef632730626edf\",\"obj_id\":\"60086fbbb8ef632730626ee0\",\"conv_id\":11438,\"node_id\":\"600599da96fc174baa01a838\"},\"text\":\"0193 is your Western Union verification code.\"}},{\"obj\":\"task\",\"obj_id\":\"60086f1309a8af5317c6bfd4\",\"ref\":null,\"status\":\"processed\",\"user_id\":4,\"create_time\":1611165459,\"change_time\":1611165459,\"node_prev_id\":\"5fa12e9d09a8af5317434df1\",\"data\":{\"answerParam\":\"ok\",\"phone\":\"380711111111\",\"routerobot\":{\"state\":\"ok\",\"packetId\":\"53550\",\"created\":1611165459792},\"sys\":{\"ref\":\"c11437_n600599da96fc174baa01a7f7_t60086f13b8ef632730626e1e\",\"obj_id\":\"60086f13b8ef632730626e1f\",\"conv_id\":11438,\"node_id\":\"600599da96fc174baa01a838\"},\"text\":\"4159 is your Western Union verification code.\"}},{\"obj\":\"task\",\"obj_id\":\"600856c609a8af5317c69d92\",\"ref\":null,\"status\":\"processed\",\"user_id\":4,\"create_time\":1611159238,\"change_time\":1611159238,\"node_prev_id\":\"5fa12e9d09a8af5317434df1\",\"data\":{\"answerParam\":\"ok\",\"phone\":\"380979150278\",\"routerobot\":{\"state\":\"ok\",\"packetId\":\"53549\",\"created\":1611159238124},\"sys\":{\"ref\":\"c11437_n600599da96fc174baa01a7f7_t600856c5da6fe210a7653dd6\",\"obj_id\":\"600856c5da6fe210a7653dd7\",\"conv_id\":11438,\"node_id\":\"600599da96fc174baa01a838\"},\"text\":\"Your transfer with tracking no. MTCN 513....870 is approved. Thank you for using Western Union online services offered through Island Financial Services in Maldives.\"}},{\"obj\":\"task\",\"obj_id\":\"6008564e09a8af5317c69ce7\",\"ref\":null,\"status\":\"processed\",\"user_id\":4,\"create_time\":1611159118,\"change_time\":1611159118,\"node_prev_id\":\"5fa12e9d09a8af5317434df1\",\"data\":{\"answerParam\":\"ok\",\"phone\":\"380979150278\",\"routerobot\":{\"state\":\"ok\",\"packetId\":\"53548\",\"created\":1611159118360},\"sys\":{\"ref\":\"c11437_n600599da96fc174baa01a7f7_t6008564eb8ef632730625ed4\",\"obj_id\":\"6008564eb8ef632730625ed5\",\"conv_id\":11438,\"node_id\":\"600599da96fc174baa01a838\"},\"text\":\"Your one-time WU password is 5653\"}},{\"obj\":\"task\",\"obj_id\":\"600853cb09a8af5317c6997a\",\"ref\":null,\"status\":\"processed\",\"user_id\":4,\"create_time\":1611158475,\"change_time\":1611158475,\"node_prev_id\":\"5fa12e9d09a8af5317434df1\",\"data\":{\"answerParam\":\"ok\",\"phone\":\"380979150278\",\"routerobot\":{\"state\":\"ok\",\"packetId\":\"53547\",\"created\":1611158475305},\"sys\":{\"ref\":\"c11437_n600599da96fc174baa01a7f7_t600853cbda6fe210a7653b0a\",\"obj_id\":\"600853cbda6fe210a7653b0b\",\"conv_id\":11438,\"node_id\":\"600599da96fc174baa01a838\"},\"text\":\"Account name: ISLAND FINANCIAL SERVICES PVT LTD. Bank name: State Bank of India, Maldives. Account Number: 12607797120203 Account name 2: ISLAND FINANCIAL SERVICES PVT LTD. Bank name 2: Bank of Maldives Account number 2: 7730000257387\"}},{\"obj\":\"task\",\"obj_id\":\"600853cb09a8af5317c69979\",\"ref\":null,\"status\":\"processed\",\"user_id\":4,\"create_time\":1611158475,\"change_time\":1611158475,\"node_prev_id\":\"5fa12e9d09a8af5317434df1\",\"data\":{\"answerParam\":\"ok\",\"phone\":\"380979150278\",\"routerobot\":{\"state\":\"ok\",\"packetId\":\"53546\",\"created\":1611158475084},\"sys\":{\"ref\":\"c11437_n600599da96fc174baa01a7f7_t600853cada6fe210a7653b03\",\"obj_id\":\"600853cada6fe210a7653b04\",\"conv_id\":11438,\"node_id\":\"600599da96fc174baa01a838\"},\"text\":\"You are almost done. Make a bank payment within 4 days or it will be cancelled. Payment details will follow in the second SMS.\"}},{\"obj\":\"task\",\"obj_id\":\"60084b4809a8af5317c68d38\",\"ref\":null,\"status\":\"processed\",\"user_id\":4,\"create_time\":1611156296,\"change_time\":1611156296,\"node_prev_id\":\"5fa12e9d09a8af5317434df1\",\"data\":{\"answerParam\":\"ok\",\"phone\":\"380635600100\",\"routerobot\":{\"state\":\"ok\",\"packetId\":\"53545\",\"created\":1611156296778},\"sys\":{\"ref\":\"c11437_n600599da96fc174baa01a7c7_t60084b48da6fe210a7652f5a\",\"obj_id\":\"60084b48da6fe210a7652f5b\",\"conv_id\":11454,\"node_id\":\"600599da96fc174baa01a94f\"},\"text\":\"Your Tracking number MTCN 429....870 has been approved. Thank you for choosing Western Union online services operated by Global Money Exchange in Oman.\"}},{\"obj\":\"task\",\"obj_id\":\"60084afb09a8af5317c68ce5\",\"ref\":null,\"status\":\"processed\",\"user_id\":4,\"create_time\":1611156219,\"change_time\":1611156219,\"node_prev_id\":\"5fa12e9d09a8af5317434df1\",\"data\":{\"answerParam\":\"ok\",\"phone\":\"380635600100\",\"routerobot\":{\"state\":\"ok\",\"packetId\":\"53544\",\"created\":1611156219231},\"sys\":{\"ref\":\"c11437_n600599da96fc174baa01a7c7_t60084afada6fe210a7652f36\",\"obj_id\":\"60084afab8ef63273062512b\",\"conv_id\":11454,\"node_id\":\"600599da96fc174baa01a94f\"},\"text\":\"Your transaction MTCN 429****870 will expire on 23/01/2021 17:22. To pay, please transfer the amount from your e-banking to Global money exchange bank account\"}},{\"obj\":\"task\",\"obj_id\":\"60084aef09a8af5317c68cc7\",\"ref\":null,\"status\":\"processed\",\"user_id\":4,\"create_time\":1611156207,\"change_time\":1611156207,\"node_prev_id\":\"5fa12e9d09a8af5317434df1\",\"data\":{\"answerParam\":\"ok\",\"phone\":\"380711111111\",\"routerobot\":{\"state\":\"ok\",\"packetId\":\"53543\",\"created\":1611156207639},\"sys\":{\"ref\":\"c11437_n600599da96fc174baa01a7f7_t60084aefda6fe210a7652f27\",\"obj_id\":\"60084aefda6fe210a7652f28\",\"conv_id\":11438,\"node_id\":\"600599da96fc174baa01a838\"},\"text\":\"5429 is your Western Union verification code.\"}},{\"obj\":\"task\",\"obj_id\":\"60084a4a09a8af5317c68bd4\",\"ref\":null,\"status\":\"processed\",\"user_id\":4,\"create_time\":1611156042,\"change_time\":1611156043,\"node_prev_id\":\"5fa12e9d09a8af5317434df1\",\"data\":{\"answerParam\":\"ok\",\"phone\":\"380711111111\",\"routerobot\":{\"state\":\"ok\",\"packetId\":\"53542\",\"created\":1611156042986},\"sys\":{\"ref\":\"c11437_n600599da96fc174baa01a7f7_t60084a4ab8ef63273062503e\",\"obj_id\":\"60084a4ab8ef63273062503f\",\"conv_id\":11438,\"node_id\":\"600599da96fc174baa01a838\"},\"text\":\"Your payment for WU transfer could not be completed. We apologize for the inconvenience. If your account was already debited, kindly contact your bank for refund.\"}}]}]}"
time="20-01-2021 20:00:32" level=info msg=------------------------------------------------------------------
